SF:lib/core/errors/exceptions.dart
DA:7,1
DA:17,4
DA:19,0
DA:20,0
DA:21,0
DA:22,0
DA:23,0
DA:26,0
DA:28,0
LF:9
LH:2
end_of_record
SF:lib/core/errors/failures.dart
DA:8,2
DA:9,0
DA:10,0
DA:17,1
DA:18,0
DA:19,0
LF:6
LH:2
end_of_record
SF:lib/core/utils/decode_utils.dart
DA:5,2
DA:10,2
DA:11,2
DA:13,10
DA:15,2
DA:18,4
DA:25,2
DA:29,1
DA:30,1
DA:31,1
DA:32,3
LF:11
LH:11
end_of_record
SF:lib/features/main/data/models/app_setting_model.dart
DA:7,2
DA:11,2
DA:13,2
DA:14,2
DA:15,2
DA:17,0
DA:19,0
LF:7
LH:5
end_of_record
SF:lib/features/main/data/models/app_setting_model.g.dart
DA:9,2
DA:10,2
DA:11,2
DA:12,2
DA:13,2
DA:16,1
DA:17,1
DA:19,1
DA:21,1
DA:25,2
DA:26,2
DA:27,2
LF:12
LH:12
end_of_record
SF:lib/features/main/data/models/device_model.dart
DA:38,4
DA:54,4
DA:55,4
DA:56,2
DA:58,1
DA:60,2
LF:6
LH:6
end_of_record
SF:lib/features/main/data/models/device_model.g.dart
DA:9,8
DA:10,4
DA:11,4
DA:12,4
DA:13,4
DA:14,4
DA:15,4
DA:16,4
DA:17,4
DA:18,4
DA:19,4
DA:20,4
DA:21,4
DA:22,4
DA:23,4
DA:26,2
DA:27,2
DA:29,2
DA:31,2
DA:35,4
DA:36,4
DA:37,4
DA:38,4
DA:39,4
DA:40,4
DA:41,4
DA:42,4
DA:43,4
DA:44,4
DA:45,4
DA:46,4
DA:47,4
DA:48,4
LF:33
LH:33
end_of_record
SF:lib/features/main/domain/entities/app_setting.dart
DA:8,2
DA:13,2
DA:14,2
DA:15,2
DA:16,2
DA:17,2
DA:21,1
DA:26,1
DA:27,0
DA:28,0
DA:29,0
DA:33,1
DA:34,1
DA:35,1
DA:36,1
DA:37,1
LF:16
LH:13
end_of_record
SF:lib/features/main/domain/entities/device.dart
DA:19,4
DA:35,1
DA:51,1
DA:53,1
DA:54,0
DA:55,0
DA:56,1
DA:57,0
DA:58,1
DA:59,1
DA:60,1
DA:61,1
DA:62,1
DA:63,1
DA:64,1
DA:65,1
DA:66,1
DA:70,1
DA:71,1
DA:72,1
DA:73,1
DA:74,1
DA:75,1
DA:76,1
DA:77,1
DA:78,1
DA:79,1
DA:80,1
DA:81,1
DA:82,1
DA:83,1
DA:84,1
DA:85,1
DA:89,1
DA:90,1
DA:91,1
DA:92,1
DA:93,1
DA:94,1
DA:95,1
DA:96,1
DA:97,1
DA:98,1
DA:99,1
DA:100,1
DA:101,1
DA:102,1
DA:103,1
LF:48
LH:45
end_of_record
SF:lib/core/usescases/usecases.dart
DA:6,1
DA:11,2
DA:12,2
LF:3
LH:3
end_of_record
SF:lib/features/main/domain/usecases/app_setting_usecase.dart
DA:12,1
DA:13,1
DA:15,2
DA:18,0
DA:20,0
DA:23,1
DA:24,2
DA:27,0
DA:28,0
DA:37,0
DA:39,0
DA:40,0
LF:12
LH:5
end_of_record
SF:lib/features/main/presentation/cubit/app_cubit/app_state.dart
DA:9,3
DA:13,1
DA:16,1
DA:17,0
DA:21,1
DA:22,1
DA:23,1
DA:25,1
DA:28,1
DA:29,1
DA:37,2
LF:11
LH:10
end_of_record
SF:lib/features/main/presentation/cubit/app_cubit/app_cubit.dart
DA:11,2
DA:14,4
DA:16,1
DA:17,1
DA:20,2
DA:21,6
DA:22,1
DA:23,5
DA:24,4
LF:9
LH:9
end_of_record
SF:lib/core/providers/device_provider.dart
DA:18,1
DA:20,1
DA:21,0
DA:22,3
DA:23,0
DA:24,0
DA:25,0
DA:26,0
DA:27,0
DA:28,0
DA:29,0
DA:30,0
DA:31,0
DA:32,0
DA:34,0
DA:35,0
DA:36,0
DA:37,0
DA:41,0
DA:43,0
DA:44,0
DA:45,0
DA:46,0
DA:47,0
DA:48,0
DA:50,0
DA:52,0
DA:55,0
DA:57,0
DA:61,1
DA:63,1
DA:64,0
DA:65,0
DA:66,0
LF:34
LH:5
end_of_record
SF:lib/core/providers/storage_provider.dart
DA:17,0
DA:20,0
DA:21,0
DA:23,0
DA:27,0
DA:30,0
DA:32,0
DA:36,0
DA:39,0
DA:40,0
DA:42,0
DA:46,0
DA:49,0
DA:50,0
DA:52,0
LF:15
LH:0
end_of_record
SF:lib/features/main/data/datasources/app_setting_local_data_source.dart
DA:23,2
DA:26,1
DA:29,1
DA:30,1
DA:31,2
DA:32,2
DA:33,2
DA:34,1
DA:40,1
DA:43,2
DA:44,2
DA:50,2
DA:53,4
DA:55,2
DA:59,1
DA:62,1
DA:63,1
DA:64,2
DA:65,1
DA:66,2
DA:67,2
DA:74,1
DA:77,2
DA:80,0
DA:84,0
DA:87,0
DA:89,0
LF:27
LH:23
end_of_record
SF:lib/core/providers/injection_provider.dart
DA:19,3
DA:20,3
DA:21,2
DA:22,1
DA:26,1
DA:28,2
DA:29,4
DA:31,2
DA:32,4
DA:35,2
DA:36,4
DA:38,2
DA:39,2
DA:40,2
DA:41,2
DA:42,2
DA:46,2
DA:47,2
DA:48,4
DA:50,2
DA:51,4
DA:55,4
DA:56,4
DA:57,4
DA:58,2
DA:59,1
DA:60,4
DA:61,4
DA:64,2
DA:65,4
DA:66,4
DA:67,2
LF:32
LH:32
end_of_record
SF:lib/core/providers/localization_provider.dart
DA:13,1
DA:14,1
DA:15,2
DA:16,3
DA:17,1
DA:18,0
DA:19,1
DA:22,2
DA:23,2
DA:24,1
DA:25,0
DA:26,0
DA:27,0
LF:13
LH:9
end_of_record
SF:lib/core/providers/network_provider.dart
DA:12,1
DA:13,2
DA:14,1
DA:15,1
DA:17,0
DA:18,0
DA:20,0
DA:22,0
DA:25,0
DA:29,0
DA:30,0
DA:32,0
DA:33,0
DA:38,0
LF:14
LH:4
end_of_record
SF:lib/core/providers/request_provider.dart
DA:54,3
DA:56,0
DA:60,0
DA:62,0
DA:63,0
DA:65,0
DA:66,0
DA:67,0
DA:68,0
DA:69,0
DA:70,0
DA:71,0
DA:77,0
DA:79,0
DA:80,0
DA:81,0
DA:82,0
DA:83,0
DA:84,0
DA:85,0
DA:90,0
DA:94,0
DA:95,0
DA:96,0
DA:97,0
DA:98,0
DA:100,0
DA:101,0
DA:102,0
DA:103,0
DA:107,0
DA:116,0
DA:122,0
DA:126,0
DA:127,0
DA:128,0
DA:130,0
DA:131,0
DA:135,0
DA:146,0
DA:148,0
DA:149,0
DA:154,0
DA:155,0
DA:157,0
DA:161,0
DA:172,0
DA:175,0
DA:176,0
DA:179,0
DA:182,0
DA:183,0
DA:185,0
DA:186,0
DA:190,0
DA:201,0
DA:203,0
DA:204,0
DA:209,0
DA:210,0
DA:212,0
DA:213,0
DA:217,0
DA:226,0
DA:228,0
DA:229,0
DA:234,0
DA:235,0
DA:237,0
DA:238,0
DA:244,0
DA:247,0
DA:250,0
DA:252,0
DA:253,0
DA:254,0
DA:255,0
DA:256,0
DA:257,0
DA:260,0
DA:263,0
LF:81
LH:1
end_of_record
SF:lib/features/main/data/datasources/app_setting_remote_data_source.dart
DA:15,1
DA:17,0
DA:19,0
DA:20,0
DA:21,0
DA:24,0
DA:26,0
DA:27,0
DA:28,0
DA:31,0
DA:34,0
DA:35,0
DA:36,0
LF:13
LH:1
end_of_record
SF:lib/features/main/data/repositories/app_setting_repository_impl.dart
DA:17,1
DA:22,1
DA:24,4
DA:25,0
DA:28,0
DA:32,0
DA:34,0
DA:40,1
DA:42,3
DA:45,0
DA:48,0
DA:49,0
DA:52,0
DA:54,0
DA:55,0
DA:58,0
DA:61,0
DA:62,0
DA:63,0
LF:19
LH:5
end_of_record
SF:lib/features/main/presentation/cubit/connectivity_cubit/connectivity_state.dart
DA:7,6
DA:9,1
DA:10,2
DA:20,5
DA:26,3
LF:5
LH:5
end_of_record
SF:lib/features/main/presentation/cubit/connectivity_cubit/connectivity_cubit.dart
DA:10,2
DA:13,4
DA:15,1
DA:17,3
DA:18,1
DA:19,0
DA:20,3
DA:22,2
DA:24,2
DA:26,0
DA:28,0
DA:30,0
DA:33,2
DA:34,4
DA:36,6
DA:37,1
DA:38,0
DA:39,1
DA:41,0
DA:43,1
LF:20
LH:14
end_of_record
SF:lib/i18n/i18n.dart
DA:14,4
DA:22,1
DA:23,1
DA:27,1
DA:28,2
DA:30,5
DA:31,2
DA:32,1
DA:36,2
DA:39,1
DA:40,1
DA:43,3
DA:46,3
DA:49,3
DA:52,3
DA:55,1
DA:56,2
DA:57,2
DA:61,1
DA:63,2
DA:64,2
DA:65,2
DA:70,3
DA:72,1
DA:73,2
DA:74,3
DA:75,2
DA:77,1
DA:78,1
DA:80,0
DA:86,2
LF:31
LH:30
end_of_record
SF:lib/main.dart
DA:16,0
DA:17,0
DA:18,0
DA:19,0
DA:21,0
DA:22,0
DA:23,0
DA:24,0
DA:28,2
DA:30,1
DA:31,1
DA:36,1
DA:38,1
DA:39,2
DA:40,1
DA:43,1
DA:45,2
DA:46,1
DA:49,0
DA:50,0
DA:55,0
DA:57,0
DA:59,0
DA:61,0
DA:63,0
DA:65,0
DA:67,0
DA:72,1
DA:77,1
DA:80,1
DA:81,1
DA:82,1
DA:83,1
DA:84,3
DA:86,1
DA:87,3
DA:90,1
DA:91,1
DA:92,1
DA:93,1
DA:95,1
DA:96,0
DA:97,1
DA:98,1
DA:99,1
DA:100,0
DA:101,0
DA:103,0
DA:108,1
DA:109,1
DA:110,1
DA:111,2
DA:112,2
DA:114,1
DA:120,1
DA:121,1
DA:122,1
DA:127,1
DA:128,1
DA:129,2
DA:130,2
LF:61
LH:40
end_of_record
SF:lib/core/common/alert_error_widget.dart
DA:6,0
DA:8,0
DA:10,0
DA:11,0
DA:12,0
DA:13,0
DA:14,0
DA:16,0
DA:23,0
DA:24,0
LF:10
LH:0
end_of_record
SF:lib/core/helpers/alert_helper.dart
DA:5,0
DA:6,0
DA:9,0
DA:10,0
DA:11,0
DA:13,0
DA:14,0
DA:15,0
DA:16,0
DA:22,0
LF:10
LH:0
end_of_record
SF:lib/core/providers/error_handle_provider.dart
DA:6,0
DA:7,0
DA:9,0
DA:11,0
DA:12,0
DA:13,0
DA:17,0
DA:18,0
DA:19,0
DA:20,0
LF:10
LH:0
end_of_record
SF:lib/core/providers/navigation_provider.dart
DA:7,0
DA:8,0
DA:10,0
DA:12,0
DA:13,0
DA:16,0
DA:17,0
DA:20,0
DA:22,0
DA:23,0
DA:24,0
DA:29,0
DA:36,0
DA:38,0
DA:40,0
DA:45,0
DA:46,0
DA:47,0
DA:48,0
DA:52,0
DA:53,0
DA:54,0
DA:55,0
DA:60,0
DA:61,0
DA:62,0
DA:63,0
DA:65,0
DA:66,0
DA:67,0
DA:68,0
DA:75,0
DA:76,0
DA:77,0
DA:78,0
DA:79,0
DA:81,0
DA:82,0
DA:83,0
DA:84,0
DA:91,0
DA:92,0
DA:95,0
DA:96,0
DA:97,0
DA:98,0
DA:99,0
DA:100,0
DA:101,0
DA:102,0
DA:103,0
DA:106,0
DA:110,0
DA:111,0
DA:112,0
DA:116,0
DA:117,0
DA:120,0
DA:121,0
DA:124,0
DA:125,0
DA:128,0
DA:129,0
DA:132,0
DA:133,0
DA:136,0
DA:138,0
DA:139,0
DA:140,0
DA:143,0
DA:144,0
DA:149,0
DA:154,0
DA:156,0
DA:157,0
LF:75
LH:0
end_of_record
SF:lib/core/providers/route_provider.dart
DA:8,3
DA:9,1
LF:2
LH:2
end_of_record
SF:lib/features/main/presentation/pages/main_page.dart
DA:6,1
DA:8,1
DA:9,1
DA:15,1
DA:16,2
DA:17,2
DA:21,1
DA:23,1
DA:24,1
DA:26,1
DA:27,1
DA:28,0
DA:29,0
DA:31,0
DA:32,0
DA:33,0
DA:34,0
DA:36,0
DA:39,1
DA:40,1
DA:42,1
DA:43,1
DA:44,1
DA:46,1
DA:47,2
DA:48,3
DA:53,1
DA:54,1
LF:28
LH:21
end_of_record
SF:lib/core/providers/theme_provider.dart
DA:7,4
DA:10,3
DA:11,1
DA:12,3
DA:13,1
LF:5
LH:5
end_of_record
